<?xml version="1.0" encoding="UTF-8"?>
<testng-results skipped="0" failed="0" ignored="0" total="1" passed="1">
  <reporter-output>
  </reporter-output>
  <suite name="Default suite" duration-ms="67079" started-at="2020-07-24T08:26:00Z" finished-at="2020-07-24T08:27:07Z">
    <groups>
    </groups>
    <test name="Default test" duration-ms="67079" started-at="2020-07-24T08:26:00Z" finished-at="2020-07-24T08:27:07Z">
      <class name="tests.Tests">
        <test-method status="PASS" signature="reportSetup()[pri:0, instance:tests.Tests@7fac631b]" name="reportSetup" is-config="true" duration-ms="240" started-at="2020-07-24T08:25:59Z" finished-at="2020-07-24T08:26:00Z">
          <reporter-output>
          </reporter-output>
        </test-method> <!-- reportSetup -->
        <test-method status="PASS" signature="setup()[pri:0, instance:tests.Tests@7fac631b]" name="setup" is-config="true" duration-ms="40786" started-at="2020-07-24T08:26:00Z" finished-at="2020-07-24T08:26:41Z">
          <reporter-output>
          </reporter-output>
        </test-method> <!-- setup -->
        <test-method status="PASS" signature="loginlogout(java.lang.String, java.lang.String)[pri:0, instance:tests.Tests@7fac631b]" name="loginlogout" duration-ms="24741" started-at="2020-07-24T08:26:42Z" data-provider="RegData" finished-at="2020-07-24T08:27:07Z">
          <params>
            <param index="0">
              <value>
                <![CDATA[nbasu9903+800@gmail.com]]>
              </value>
            </param>
            <param index="1">
              <value>
                <![CDATA[hello@123]]>
              </value>
            </param>
          </params>
          <reporter-output>
          </reporter-output>
        </test-method> <!-- loginlogout -->
        <test-method status="PASS" signature="reportTeardown()[pri:0, instance:tests.Tests@7fac631b]" name="reportTeardown" is-config="true" duration-ms="13" started-at="2020-07-24T08:27:07Z" depends-on-methods="tests.BaseClass.teardown" finished-at="2020-07-24T08:27:07Z">
          <reporter-output>
          </reporter-output>
        </test-method> <!-- reportTeardown -->
        <test-method status="PASS" signature="teardown()[pri:0, instance:tests.Tests@7fac631b]" name="teardown" is-config="true" duration-ms="0" started-at="2020-07-24T08:27:07Z" finished-at="2020-07-24T08:27:07Z">
          <reporter-output>
          </reporter-output>
        </test-method> <!-- teardown -->
      </class> <!-- tests.Tests -->
    </test> <!-- Default test -->
  </suite> <!-- Default suite -->
</testng-results>
